2017-05-09 20:04:15,948 - Velocimacro : autoload off : VM system will not automatically reload global library macros
2017-05-09 20:04:15,954 - ResourceManager : found templates/register_employee.vtl with loader org.apache.velocity.runtime.resource.loader.ClasspathResourceLoader
2017-05-09 20:04:35,304 - Log4JLogChute initialized using file 'velocity.log'
2017-05-09 20:04:35,304 - Initializing Velocity, Calling init()...
2017-05-09 20:04:35,304 - Starting Apache Velocity v1.7 (compiled: 2010-11-19 12:14:37)
2017-05-09 20:04:35,304 - Default Properties File: org/apache/velocity/runtime/defaults/velocity.properties
2017-05-09 20:04:35,304 - Trying to use logger class org.apache.velocity.runtime.log.AvalonLogChute
2017-05-09 20:04:35,304 - Target log system for org.apache.velocity.runtime.log.AvalonLogChute is not available (java.lang.NoClassDefFoundError: org/apache/log/format/Formatter).  Falling back to next log system...
2017-05-09 20:04:35,304 - Trying to use logger class org.apache.velocity.runtime.log.Log4JLogChute
2017-05-09 20:04:35,304 - Using logger class org.apache.velocity.runtime.log.Log4JLogChute
2017-05-09 20:04:35,304 - ResourceLoader instantiated: org.apache.velocity.runtime.resource.loader.ClasspathResourceLoader
2017-05-09 20:04:35,304 - ResourceCache: initialized (class org.apache.velocity.runtime.resource.ResourceCacheImpl) with class java.util.Collections$SynchronizedMap cache map.
2017-05-09 20:04:35,305 - Loaded System Directive: org.apache.velocity.runtime.directive.Stop
2017-05-09 20:04:35,305 - Loaded System Directive: org.apache.velocity.runtime.directive.Define
2017-05-09 20:04:35,305 - Loaded System Directive: org.apache.velocity.runtime.directive.Break
2017-05-09 20:04:35,305 - Loaded System Directive: org.apache.velocity.runtime.directive.Evaluate
2017-05-09 20:04:35,305 - Loaded System Directive: org.apache.velocity.runtime.directive.Literal
2017-05-09 20:04:35,305 - Loaded System Directive: org.apache.velocity.runtime.directive.Macro
2017-05-09 20:04:35,305 - Loaded System Directive: org.apache.velocity.runtime.directive.Parse
2017-05-09 20:04:35,305 - Loaded System Directive: org.apache.velocity.runtime.directive.Include
2017-05-09 20:04:35,305 - Loaded System Directive: org.apache.velocity.runtime.directive.Foreach
2017-05-09 20:04:35,306 - Created '20' parsers.
2017-05-09 20:04:35,306 - Velocimacro : "velocimacro.library" is not set.  Trying default library: VM_global_library.vm
2017-05-09 20:04:35,306 - Could not load resource 'VM_global_library.vm' from ResourceLoader org.apache.velocity.runtime.resource.loader.ClasspathResourceLoader: ClasspathResourceLoader Error: cannot find resource VM_global_library.vm
2017-05-09 20:04:35,306 - Velocimacro : Default library not found.
2017-05-09 20:04:35,306 - Velocimacro : allowInline = true : VMs can be defined inline in templates
2017-05-09 20:04:35,306 - Velocimacro : allowInlineToOverride = false : VMs defined inline may NOT replace previous VM definitions
2017-05-09 20:04:35,306 - Velocimacro : allowInlineLocal = false : VMs defined inline will be global in scope if allowed.
2017-05-09 20:04:35,306 - Velocimacro : autoload off : VM system will not automatically reload global library macros
2017-05-09 20:04:35,310 - ResourceManager : found templates/show_employee.vtl with loader org.apache.velocity.runtime.resource.loader.ClasspathResourceLoader
autoload off : VM system will not automatically reload global library macros
2017-05-09 20:04:35,310 - ResourceManager : found templates/show_employee.vtl with loader org.apache.velocity.runtime.resource.loader.ClasspathResourceLoader
2017-05-09 20:27:39,928 - Log4JLogChute initialized using file 'velocity.log'
2017-05-09 20:27:39,928 - Initializing Velocity, Calling init()...
2017-05-09 20:27:39,928 - Starting Apache Velocity v1.7 (compiled: 2010-11-19 12:14:37)
2017-05-09 20:27:39,928 - Default Properties File: org/apache/velocity/runtime/defaults/velocity.properties
2017-05-09 20:27:39,928 - Trying to use logger class org.apache.velocity.runtime.log.AvalonLogChute
2017-05-09 20:27:39,928 - Target log system for org.apache.velocity.runtime.log.AvalonLogChute is not available (java.lang.NoClassDefFoundError: org/apache/log/format/Formatter).  Falling back to next log system...
2017-05-09 20:27:39,928 - Trying to use logger class org.apache.velocity.runtime.log.Log4JLogChute
2017-05-09 20:27:39,928 - Using logger class org.apache.velocity.runtime.log.Log4JLogChute
2017-05-09 20:27:39,931 - ResourceLoader instantiated: org.apache.velocity.runtime.resource.loader.ClasspathResourceLoader
2017-05-09 20:27:39,939 - ResourceCache: initialized (class org.apache.velocity.runtime.resource.ResourceCacheImpl) with class java.util.Collections$SynchronizedMap cache map.
2017-05-09 20:27:39,940 - Loaded System Directive: org.apache.velocity.runtime.directive.Stop
2017-05-09 20:27:39,941 - Loaded System Directive: org.apache.velocity.runtime.directive.Define
2017-05-09 20:27:39,941 - Loaded System Directive: org.apache.velocity.runtime.directive.Break
2017-05-09 20:27:39,942 - Loaded System Directive: org.apache.velocity.runtime.directive.Evaluate
2017-05-09 20:27:39,942 - Loaded System Directive: org.apache.velocity.runtime.directive.Literal
2017-05-09 20:27:39,943 - Loaded System Directive: org.apache.velocity.runtime.directive.Macro
2017-05-09 20:27:39,944 - Loaded System Directive: org.apache.velocity.runtime.directive.Parse
2017-05-09 20:27:39,944 - Loaded System Directive: org.apache.velocity.runtime.directive.Include
2017-05-09 20:27:39,945 - Loaded System Directive: org.apache.velocity.runtime.directive.Foreach
2017-05-09 20:27:39,970 - Created '20' parsers.
2017-05-09 20:27:39,976 - Velocimacro : "velocimacro.library" is not set.  Trying default library: VM_global_library.vm
2017-05-09 20:27:39,976 - Could not load resource 'VM_global_library.vm' from ResourceLoader org.apache.velocity.runtime.resource.loader.ClasspathResourceLoader: ClasspathResourceLoader Error: cannot find resource VM_global_library.vm
2017-05-09 20:27:39,976 - Velocimacro : Default library not found.
2017-05-09 20:27:39,977 - Velocimacro : allowInline = true : VMs can be defined inline in templates
2017-05-09 20:27:39,977 - Velocimacro : allowInlineToOverride = false : VMs defined inline may NOT replace previous VM definitions
2017-05-09 20:27:39,977 - Velocimacro : allowInlineLocal = false : VMs defined inline will be global in scope if allowed.
2017-05-09 20:27:39,977 - Velocimacro : autoload off : VM system will not automatically reload global library macros
2017-05-09 20:27:39,982 - ResourceManager : found templates/register_employee.vtl with loader org.apache.velocity.runtime.resource.loader.ClasspathResourceLoader
2017-05-09 20:27:56,055 - Log4JLogChute initialized using file 'velocity.log'
2017-05-09 20:27:56,055 - Log4JLogChute initialized using file 'velocity.log'
2017-05-09 20:27:56,055 - Initializing Velocity, Calling init()...
2017-05-09 20:27:56,055 - Initializing Velocity, Calling init()...
2017-05-09 20:27:56,055 - Starting Apache Velocity v1.7 (compiled: 2010-11-19 12:14:37)
2017-05-09 20:27:56,055 - Starting Apache Velocity v1.7 (compiled: 2010-11-19 12:14:37)
2017-05-09 20:27:56,055 - Default Properties File: org/apache/velocity/runtime/defaults/velocity.properties
2017-05-09 20:27:56,055 - Default Properties File: org/apache/velocity/runtime/defaults/velocity.properties
2017-05-09 20:27:56,055 - Trying to use logger class org.apache.velocity.runtime.log.AvalonLogChute
2017-05-09 20:27:56,055 - Trying to use logger class org.apache.velocity.runtime.log.AvalonLogChute
2017-05-09 20:27:56,055 - Target log system for org.apache.velocity.runtime.log.AvalonLogChute is not available (java.lang.NoClassDefFoundError: org/apache/log/format/Formatter).  Falling back to next log system...
2017-05-09 20:27:56,055 - Target log system for org.apache.velocity.runtime.log.AvalonLogChute is not available (java.lang.NoClassDefFoundError: org/apache/log/format/Formatter).  Falling back to next log system...
2017-05-09 20:27:56,055 - Trying to use logger class org.apache.velocity.runtime.log.Log4JLogChute
2017-05-09 20:27:56,055 - Trying to use logger class org.apache.velocity.runtime.log.Log4JLogChute
2017-05-09 20:27:56,055 - Using logger class org.apache.velocity.runtime.log.Log4JLogChute
2017-05-09 20:27:56,055 - Using logger class org.apache.velocity.runtime.log.Log4JLogChute
2017-05-09 20:27:56,056 - ResourceLoader instantiated: org.apache.velocity.runtime.resource.loader.ClasspathResourceLoader
2017-05-09 20:27:56,056 - ResourceLoader instantiated: org.apache.velocity.runtime.resource.loader.ClasspathResourceLoader
2017-05-09 20:27:56,056 - ResourceCache: initialized (class org.apache.velocity.runtime.resource.ResourceCacheImpl) with class java.util.Collections$SynchronizedMap cache map.
2017-05-09 20:27:56,056 - ResourceCache: initialized (class org.apache.velocity.runtime.resource.ResourceCacheImpl) with class java.util.Collections$SynchronizedMap cache map.
2017-05-09 20:27:56,056 - Loaded System Directive: org.apache.velocity.runtime.directive.Stop
2017-05-09 20:27:56,056 - Loaded System Directive: org.apache.velocity.runtime.directive.Stop
2017-05-09 20:27:56,056 - Loaded System Directive: org.apache.velocity.runtime.directive.Define
2017-05-09 20:27:56,056 - Loaded System Directive: org.apache.velocity.runtime.directive.Define
2017-05-09 20:27:56,056 - Loaded System Directive: org.apache.velocity.runtime.directive.Break
2017-05-09 20:27:56,056 - Loaded System Directive: org.apache.velocity.runtime.directive.Break
2017-05-09 20:27:56,056 - Loaded System Directive: org.apache.velocity.runtime.directive.Evaluate
2017-05-09 20:27:56,056 - Loaded System Directive: org.apache.velocity.runtime.directive.Evaluate
2017-05-09 20:27:56,056 - Loaded System Directive: org.apache.velocity.runtime.directive.Literal
2017-05-09 20:27:56,056 - Loaded System Directive: org.apache.velocity.runtime.directive.Literal
2017-05-09 20:27:56,056 - Loaded System Directive: org.apache.velocity.runtime.directive.Macro
2017-05-09 20:27:56,056 - Loaded System Directive: org.apache.velocity.runtime.directive.Macro
2017-05-09 20:27:56,056 - Loaded System Directive: org.apache.velocity.runtime.directive.Parse
2017-05-09 20:27:56,056 - Loaded System Directive: org.apache.velocity.runtime.directive.Parse
2017-05-09 20:27:56,057 - Loaded System Directive: org.apache.velocity.runtime.directive.Include
2017-05-09 20:27:56,057 - Loaded System Directive: org.apache.velocity.runtime.directive.Include
2017-05-09 20:27:56,057 - Loaded System Directive: org.apache.velocity.runtime.directive.Foreach
2017-05-09 20:27:56,057 - Loaded System Directive: org.apache.velocity.runtime.directive.Foreach
2017-05-09 20:27:56,058 - Created '20' parsers.
2017-05-09 20:27:56,058 - Created '20' parsers.
2017-05-09 20:27:56,058 - Velocimacro : "velocimacro.library" is not set.  Trying default library: VM_global_library.vm
2017-05-09 20:27:56,058 - Velocimacro : "velocimacro.library" is not set.  Trying default library: VM_global_library.vm
2017-05-09 20:27:56,058 - Could not load resource 'VM_global_library.vm' from ResourceLoader org.apache.velocity.runtime.resource.loader.ClasspathResourceLoader: ClasspathResourceLoader Error: cannot find resource VM_global_library.vm
2017-05-09 20:27:56,058 - Could not load resource 'VM_global_library.vm' from ResourceLoader org.apache.velocity.runtime.resource.loader.ClasspathResourceLoader: ClasspathResourceLoader Error: cannot find resource VM_global_library.vm
2017-05-09 20:27:56,058 - Velocimacro : Default library not found.
2017-05-09 20:27:56,058 - Velocimacro : Default library not found.
2017-05-09 20:27:56,058 - Velocimacro : allowInline = true : VMs can be defined inline in templates
2017-05-09 20:27:56,058 - Velocimacro : allowInline = true : VMs can be defined inline in templates
2017-05-09 20:27:56,058 - Velocimacro : allowInlineToOverride = false : VMs defined inline may NOT replace previous VM definitions
2017-05-09 20:27:56,058 - Velocimacro : allowInlineToOverride = false : VMs defined inline may NOT replace previous VM definitions
2017-05-09 20:27:56,058 - Velocimacro : allowInlineLocal = false : VMs defined inline will be global in scope if allowed.
2017-05-09 20:27:56,058 - Velocimacro : allowInlineLocal = false : VMs defined inline will be global in scope if allowed.
2017-05-09 20:27:56,058 - Velocimacro : autoload off : VM system will not automatically reload global library macros
2017-05-09 20:27:56,058 - Velocimacro : autoload off : VM system will not automatically reload global library macros
2017-05-09 20:27:56,059 - ResourceManager : found templates/search_employee.vtl with loader org.apache.velocity.runtime.resource.loader.ClasspathResourceLoader
2017-05-09 20:27:56,059 - ResourceManager : found templates/search_employee.vtl with loader org.apache.velocity.runtime.resource.loader.ClasspathResourceLoader
2017-05-09 20:28:01,029 - Log4JLogChute initialized using file 'velocity.log'
2017-05-09 20:28:01,029 - Log4JLogChute initialized using file 'velocity.log'
2017-05-09 20:28:01,029 - Log4JLogChute initialized using file 'velocity.log'
2017-05-09 20:28:01,029 - Initializing Velocity, Calling init()...
2017-05-09 20:28:01,029 - Initializing Velocity, Calling init()...
2017-05-09 20:28:01,029 - Initializing Velocity, Calling init()...
2017-05-09 20:28:01,029 - Starting Apache Velocity v1.7 (compiled: 2010-11-19 12:14:37)
2017-05-09 20:28:01,029 - Starting Apache Velocity v1.7 (compiled: 2010-11-19 12:14:37)
2017-05-09 20:28:01,029 - Starting Apache Velocity v1.7 (compiled: 2010-11-19 12:14:37)
2017-05-09 20:28:01,029 - Default Properties File: org/apache/velocity/runtime/defaults/velocity.properties
2017-05-09 20:28:01,029 - Default Properties File: org/apache/velocity/runtime/defaults/velocity.properties
2017-05-09 20:28:01,029 - Default Properties File: org/apache/velocity/runtime/defaults/velocity.properties
2017-05-09 20:28:01,029 - Trying to use logger class org.apache.velocity.runtime.log.AvalonLogChute
2017-05-09 20:28:01,029 - Trying to use logger class org.apache.velocity.runtime.log.AvalonLogChute
2017-05-09 20:28:01,029 - Trying to use logger class org.apache.velocity.runtime.log.AvalonLogChute
2017-05-09 20:28:01,029 - Target log system for org.apache.velocity.runtime.log.AvalonLogChute is not available (java.lang.NoClassDefFoundError: org/apache/log/format/Formatter).  Falling back to next log system...
2017-05-09 20:28:01,029 - Target log system for org.apache.velocity.runtime.log.AvalonLogChute is not available (java.lang.NoClassDefFoundError: org/apache/log/format/Formatter).  Falling back to next log system...
2017-05-09 20:28:01,029 - Target log system for org.apache.velocity.runtime.log.AvalonLogChute is not available (java.lang.NoClassDefFoundError: org/apache/log/format/Formatter).  Falling back to next log system...
2017-05-09 20:28:01,030 - Trying to use logger class org.apache.velocity.runtime.log.Log4JLogChute
2017-05-09 20:28:01,030 - Trying to use logger class org.apache.velocity.runtime.log.Log4JLogChute
2017-05-09 20:28:01,030 - Trying to use logger class org.apache.velocity.runtime.log.Log4JLogChute
2017-05-09 20:28:01,030 - Using logger class org.apache.velocity.runtime.log.Log4JLogChute
2017-05-09 20:28:01,030 - Using logger class org.apache.velocity.runtime.log.Log4JLogChute
2017-05-09 20:28:01,030 - Using logger class org.apache.velocity.runtime.log.Log4JLogChute
2017-05-09 20:28:01,030 - ResourceLoader instantiated: org.apache.velocity.runtime.resource.loader.ClasspathResourceLoader
2017-05-09 20:28:01,030 - ResourceLoader instantiated: org.apache.velocity.runtime.resource.loader.ClasspathResourceLoader
2017-05-09 20:28:01,030 - ResourceLoader instantiated: org.apache.velocity.runtime.resource.loader.ClasspathResourceLoader
2017-05-09 20:28:01,030 - ResourceCache: initialized (class org.apache.velocity.runtime.resource.ResourceCacheImpl) with class java.util.Collections$SynchronizedMap cache map.
2017-05-09 20:28:01,030 - ResourceCache: initialized (class org.apache.velocity.runtime.resource.ResourceCacheImpl) with class java.util.Collections$SynchronizedMap cache map.
2017-05-09 20:28:01,030 - ResourceCache: initialized (class org.apache.velocity.runtime.resource.ResourceCacheImpl) with class java.util.Collections$SynchronizedMap cache map.
2017-05-09 20:28:01,030 - Loaded System Directive: org.apache.velocity.runtime.directive.Stop
2017-05-09 20:28:01,030 - Loaded System Directive: org.apache.velocity.runtime.directive.Stop
2017-05-09 20:28:01,030 - Loaded System Directive: org.apache.velocity.runtime.directive.Stop
2017-05-09 20:28:01,030 - Loaded System Directive: org.apache.velocity.runtime.directive.Define
2017-05-09 20:28:01,030 - Loaded System Directive: org.apache.velocity.runtime.directive.Define
2017-05-09 20:28:01,030 - Loaded System Directive: org.apache.velocity.runtime.directive.Define
2017-05-09 20:28:01,030 - Loaded System Directive: org.apache.velocity.runtime.directive.Break
2017-05-09 20:28:01,030 - Loaded System Directive: org.apache.velocity.runtime.directive.Break
2017-05-09 20:28:01,030 - Loaded System Directive: org.apache.velocity.runtime.directive.Break
2017-05-09 20:28:01,030 - Loaded System Directive: org.apache.velocity.runtime.directive.Evaluate
2017-05-09 20:28:01,030 - Loaded System Directive: org.apache.velocity.runtime.directive.Evaluate
2017-05-09 20:28:01,030 - Loaded System Directive: org.apache.velocity.runtime.directive.Evaluate
2017-05-09 20:28:01,030 - Loaded System Directive: org.apache.velocity.runtime.directive.Literal
2017-05-09 20:28:01,030 - Loaded System Directive: org.apache.velocity.runtime.directive.Literal
2017-05-09 20:28:01,030 - Loaded System Directive: org.apache.velocity.runtime.directive.Literal
2017-05-09 20:28:01,030 - Loaded System Directive: org.apache.velocity.runtime.directive.Macro
2017-05-09 20:28:01,030 - Loaded System Directive: org.apache.velocity.runtime.directive.Macro
2017-05-09 20:28:01,030 - Loaded System Directive: org.apache.velocity.runtime.directive.Macro
2017-05-09 20:28:01,030 - Loaded System Directive: org.apache.velocity.runtime.directive.Parse
2017-05-09 20:28:01,030 - Loaded System Directive: org.apache.velocity.runtime.directive.Parse
2017-05-09 20:28:01,030 - Loaded System Directive: org.apache.velocity.runtime.directive.Parse
2017-05-09 20:28:01,031 - Loaded System Directive: org.apache.velocity.runtime.directive.Include
2017-05-09 20:28:01,031 - Loaded System Directive: org.apache.velocity.runtime.directive.Include
2017-05-09 20:28:01,031 - Loaded System Directive: org.apache.velocity.runtime.directive.Include
2017-05-09 20:28:01,031 - Loaded System Directive: org.apache.velocity.runtime.directive.Foreach
2017-05-09 20:28:01,031 - Loaded System Directive: org.apache.velocity.runtime.directive.Foreach
2017-05-09 20:28:01,031 - Loaded System Directive: org.apache.velocity.runtime.directive.Foreach
2017-05-09 20:28:01,032 - Created '20' parsers.
2017-05-09 20:28:01,032 - Created '20' parsers.
2017-05-09 20:28:01,032 - Created '20' parsers.
2017-05-09 20:28:01,032 - Velocimacro : "velocimacro.library" is not set.  Trying default library: VM_global_library.vm
2017-05-09 20:28:01,032 - Velocimacro : "velocimacro.library" is not set.  Trying default library: VM_global_library.vm
2017-05-09 20:28:01,032 - Velocimacro : "velocimacro.library" is not set.  Trying default library: VM_global_library.vm
2017-05-09 20:28:01,032 - Could not load resource 'VM_global_library.vm' from ResourceLoader org.apache.velocity.runtime.resource.loader.ClasspathResourceLoader: ClasspathResourceLoader Error: cannot find resource VM_global_library.vm
2017-05-09 20:28:01,032 - Could not load resource 'VM_global_library.vm' from ResourceLoader org.apache.velocity.runtime.resource.loader.ClasspathResourceLoader: ClasspathResourceLoader Error: cannot find resource VM_global_library.vm
2017-05-09 20:28:01,032 - Could not load resource 'VM_global_library.vm' from ResourceLoader org.apache.velocity.runtime.resource.loader.ClasspathResourceLoader: ClasspathResourceLoader Error: cannot find resource VM_global_library.vm
2017-05-09 20:28:01,032 - Velocimacro : Default library not found.
2017-05-09 20:28:01,032 - Velocimacro : Default library not found.
2017-05-09 20:28:01,032 - Velocimacro : Default library not found.
2017-05-09 20:28:01,032 - Velocimacro : allowInline = true : VMs can be defined inline in templates
2017-05-09 20:28:01,032 - Velocimacro : allowInline = true : VMs can be defined inline in templates
2017-05-09 20:28:01,032 - Velocimacro : allowInline = true : VMs can be defined inline in templates
2017-05-09 20:28:01,032 - Velocimacro : allowInlineToOverride = false : VMs defined inline may NOT replace previous VM definitions
2017-05-09 20:28:01,032 - Velocimacro : allowInlineToOverride = false : VMs defined inline may NOT replace previous VM definitions
2017-05-09 20:28:01,032 - Velocimacro : allowInlineToOverride = false : VMs defined inline may NOT replace previous VM definitions
2017-05-09 20:28:01,032 - Velocimacro : allowInlineLocal = false : VMs defined inline will be global in scope if allowed.
2017-05-09 20:28:01,032 - Velocimacro : allowInlineLocal = false : VMs defined inline will be global in scope if allowed.
2017-05-09 20:28:01,032 - Velocimacro : allowInlineLocal = false : VMs defined inline will be global in scope if allowed.
2017-05-09 20:28:01,032 - Velocimacro : autoload off : VM system will not automatically reload global library macros
2017-05-09 20:28:01,032 - Velocimacro : autoload off : VM system will not automatically reload global library macros
2017-05-09 20:28:01,032 - Velocimacro : autoload off : VM system will not automatically reload global library macros
2017-05-09 20:28:01,038 - ResourceManager : found templates/show_employee.vtl with loader org.apache.velocity.runtime.resource.loader.ClasspathResourceLoader
2017-05-09 20:28:01,038 - ResourceManager : found templates/show_employee.vtl with loader org.apache.velocity.runtime.resource.loader.ClasspathResourceLoader
2017-05-09 20:28:01,038 - ResourceManager : found templates/show_employee.vtl with loader org.apache.velocity.runtime.resource.loader.ClasspathResourceLoader
